

Started GET "/assets/rails.png" for 127.0.0.1 at 2014-01-07 15:36:19 -0500
Served asset /rails.png - 304 Not Modified (3ms)


Started GET "/tweets" for 127.0.0.1 at 2014-01-07 15:36:26 -0500

ActionController::RoutingError (uninitialized constant TweetsController):
  activesupport (3.2.0) lib/active_support/inflector/methods.rb:226:in `block in constantize'
  activesupport (3.2.0) lib/active_support/inflector/methods.rb:225:in `each'
  activesupport (3.2.0) lib/active_support/inflector/methods.rb:225:in `constantize'
  actionpack (3.2.0) lib/action_dispatch/routing/route_set.rb:62:in `controller_reference'
  actionpack (3.2.0) lib/action_dispatch/routing/route_set.rb:47:in `controller'
  actionpack (3.2.0) lib/action_dispatch/routing/route_set.rb:26:in `call'
  journey (1.0.4) lib/journey/router.rb:68:in `block in call'
  journey (1.0.4) lib/journey/router.rb:56:in `each'
  journey (1.0.4) lib/journey/router.rb:56:in `call'
  actionpack (3.2.0) lib/action_dispatch/routing/route_set.rb:570:in `call'
  actionpack (3.2.0) lib/action_dispatch/middleware/best_standards_support.rb:17:in `call'
  rack (1.4.5) lib/rack/etag.rb:23:in `call'
  rack (1.4.5) lib/rack/conditionalget.rb:25:in `call'
  actionpack (3.2.0) lib/action_dispatch/middleware/head.rb:14:in `call'
  actionpack (3.2.0) lib/action_dispatch/middleware/params_parser.rb:21:in `call'
  actionpack (3.2.0) lib/action_dispatch/middleware/flash.rb:242:in `call'
  rack (1.4.5) lib/rack/session/abstract/id.rb:210:in `context'
  rack (1.4.5) lib/rack/session/abstract/id.rb:205:in `call'
  actionpack (3.2.0) lib/action_dispatch/middleware/cookies.rb:338:in `call'
  activerecord (3.2.0) lib/active_record/query_cache.rb:64:in `call'
  activerecord (3.2.0) lib/active_record/connection_adapters/abstract/connection_pool.rb:443:in `call'
  actionpack (3.2.0) lib/action_dispatch/middleware/callbacks.rb:28:in `block in call'
  activesupport (3.2.0) lib/active_support/callbacks.rb:405:in `_run__3894440078963266639__call__1217677132395881938__callbacks'
  activesupport (3.2.0) lib/active_support/callbacks.rb:405:in `__run_callback'
  activesupport (3.2.0) lib/active_support/callbacks.rb:385:in `_run_call_callbacks'
  activesupport (3.2.0) lib/active_support/callbacks.rb:81:in `run_callbacks'
  actionpack (3.2.0) lib/action_dispatch/middleware/callbacks.rb:27:in `call'
  actionpack (3.2.0) lib/action_dispatch/middleware/reloader.rb:65:in `call'
  actionpack (3.2.0) lib/action_dispatch/middleware/remote_ip.rb:31:in `call'
  actionpack (3.2.0) lib/action_dispatch/middleware/debug_exceptions.rb:16:in `call'
  actionpack (3.2.0) lib/action_dispatch/middleware/show_exceptions.rb:56:in `call'
  railties (3.2.0) lib/rails/rack/logger.rb:26:in `call_app'
  railties (3.2.0) lib/rails/rack/logger.rb:16:in `call'
  actionpack (3.2.0) lib/action_dispatch/middleware/request_id.rb:22:in `call'
  rack (1.4.5) lib/rack/methodoverride.rb:21:in `call'
  rack (1.4.5) lib/rack/runtime.rb:17:in `call'
  activesupport (3.2.0) lib/active_support/cache/strategy/local_cache.rb:72:in `call'
  rack (1.4.5) lib/rack/lock.rb:15:in `call'
  actionpack (3.2.0) lib/action_dispatch/middleware/static.rb:53:in `call'
  railties (3.2.0) lib/rails/engine.rb:479:in `call'
  railties (3.2.0) lib/rails/application.rb:220:in `call'
  rack (1.4.5) lib/rack/content_length.rb:14:in `call'
  railties (3.2.0) lib/rails/rack/log_tailer.rb:14:in `call'
  rack (1.4.5) lib/rack/handler/webrick.rb:59:in `service'
  /Users/gustavoguimaraes/.rvm/rubies/ruby-2.0.0-p247/lib/ruby/2.0.0/webrick/httpserver.rb:138:in `service'
  /Users/gustavoguimaraes/.rvm/rubies/ruby-2.0.0-p247/lib/ruby/2.0.0/webrick/httpserver.rb:94:in `run'
  /Users/gustavoguimaraes/.rvm/rubies/ruby-2.0.0-p247/lib/ruby/2.0.0/webrick/server.rb:295:in `block in start_thread'


  Rendered /Users/gustavoguimaraes/.rvm/gems/ruby-2.0.0-p247/gems/actionpack-3.2.0/lib/action_dispatch/middleware/templates/rescues/routing_error.erb within rescues/layout (1.9ms)


Started GET "/tweets" for 127.0.0.1 at 2014-01-07 15:37:45 -0500

ActionController::RoutingError (undefined local variable or method `get' for main:Object):
  app/controllers/tweets_controller.rb:28:in `<top (required)>'


  Rendered /Users/gustavoguimaraes/.rvm/gems/ruby-2.0.0-p247/gems/actionpack-3.2.0/lib/action_dispatch/middleware/templates/rescues/routing_error.erb within rescues/layout (0.6ms)


Started GET "/tweets" for 127.0.0.1 at 2014-01-07 15:38:38 -0500
Processing by TweetsController#index as HTML
Completed 500 Internal Server Error in 1ms

NameError (uninitialized constant TweetsController::Tweet):
  app/controllers/tweets_controller.rb:4:in `index'


  Rendered /Users/gustavoguimaraes/.rvm/gems/ruby-2.0.0-p247/gems/actionpack-3.2.0/lib/action_dispatch/middleware/templates/rescues/_trace.erb (2.0ms)
  Rendered /Users/gustavoguimaraes/.rvm/gems/ruby-2.0.0-p247/gems/actionpack-3.2.0/lib/action_dispatch/middleware/templates/rescues/_request_and_response.erb (0.8ms)
  Rendered /Users/gustavoguimaraes/.rvm/gems/ruby-2.0.0-p247/gems/actionpack-3.2.0/lib/action_dispatch/middleware/templates/rescues/diagnostics.erb within rescues/layout (4.5ms)


Started GET "/tweets" for 127.0.0.1 at 2014-01-07 15:38:52 -0500
Processing by TweetsController#index as HTML
Completed 500 Internal Server Error in 1ms

NameError (uninitialized constant TweetsController::Tweet):
  app/controllers/tweets_controller.rb:4:in `index'


  Rendered /Users/gustavoguimaraes/.rvm/gems/ruby-2.0.0-p247/gems/actionpack-3.2.0/lib/action_dispatch/middleware/templates/rescues/_trace.erb (2.3ms)
  Rendered /Users/gustavoguimaraes/.rvm/gems/ruby-2.0.0-p247/gems/actionpack-3.2.0/lib/action_dispatch/middleware/templates/rescues/_request_and_response.erb (0.9ms)
  Rendered /Users/gustavoguimaraes/.rvm/gems/ruby-2.0.0-p247/gems/actionpack-3.2.0/lib/action_dispatch/middleware/templates/rescues/diagnostics.erb within rescues/layout (5.4ms)


Started GET "/tweets" for 127.0.0.1 at 2014-01-07 15:39:14 -0500
Processing by TweetsController#index as HTML
Completed 500 Internal Server Error in 1ms

NameError (uninitialized constant TweetsController::Tweet):
  app/controllers/tweets_controller.rb:4:in `index'


  Rendered /Users/gustavoguimaraes/.rvm/gems/ruby-2.0.0-p247/gems/actionpack-3.2.0/lib/action_dispatch/middleware/templates/rescues/_trace.erb (2.2ms)
  Rendered /Users/gustavoguimaraes/.rvm/gems/ruby-2.0.0-p247/gems/actionpack-3.2.0/lib/action_dispatch/middleware/templates/rescues/_request_and_response.erb (0.9ms)
  Rendered /Users/gustavoguimaraes/.rvm/gems/ruby-2.0.0-p247/gems/actionpack-3.2.0/lib/action_dispatch/middleware/templates/rescues/diagnostics.erb within rescues/layout (5.3ms)


Started GET "/tweets" for 127.0.0.1 at 2014-01-07 15:39:33 -0500
Processing by TweetsController#index as HTML
Completed 500 Internal Server Error in 1ms

NameError (uninitialized constant TweetsController::Tweet):
  app/controllers/tweets_controller.rb:4:in `index'


  Rendered /Users/gustavoguimaraes/.rvm/gems/ruby-2.0.0-p247/gems/actionpack-3.2.0/lib/action_dispatch/middleware/templates/rescues/_trace.erb (3.7ms)
  Rendered /Users/gustavoguimaraes/.rvm/gems/ruby-2.0.0-p247/gems/actionpack-3.2.0/lib/action_dispatch/middleware/templates/rescues/_request_and_response.erb (1.3ms)
  Rendered /Users/gustavoguimaraes/.rvm/gems/ruby-2.0.0-p247/gems/actionpack-3.2.0/lib/action_dispatch/middleware/templates/rescues/diagnostics.erb within rescues/layout (8.7ms)
  [1m[36m (0.1ms)[0m  [1mselect sqlite_version(*)[0m
  [1m[35m (1.1ms)[0m  CREATE TABLE "schema_migrations" ("version" varchar(255) NOT NULL) 
  [1m[36m (0.0ms)[0m  [1mPRAGMA index_list("schema_migrations")[0m
  [1m[35m (1.0ms)[0m  CREATE UNIQUE INDEX "unique_schema_migrations" ON "schema_migrations" ("version")
  [1m[36m (0.1ms)[0m  [1mSELECT "schema_migrations"."version" FROM "schema_migrations" [0m
Migrating to CreateTweets (20140106211437)
  [1m[35m (0.0ms)[0m  begin transaction
  [1m[36m (0.4ms)[0m  [1mCREATE TABLE "tweets" ("id" INTEGER PRIMARY KEY AUTOINCREMENT NOT NULL, "body" text, "created_at" datetime NOT NULL, "updated_at" datetime NOT NULL) [0m
  [1m[35m (0.1ms)[0m  INSERT INTO "schema_migrations" ("version") VALUES ('20140106211437')
  [1m[36m (0.8ms)[0m  [1mcommit transaction[0m
  [1m[35m (0.4ms)[0m  select sqlite_version(*)
  [1m[36m (0.1ms)[0m  [1mSELECT "schema_migrations"."version" FROM "schema_migrations" [0m
  [1m[35m (0.0ms)[0m  PRAGMA index_list("tweets")


Started GET "/tweets" for 127.0.0.1 at 2014-01-07 15:40:31 -0500
Processing by TweetsController#index as HTML
Completed 500 Internal Server Error in 1ms

NameError (uninitialized constant TweetsController::Tweet):
  app/controllers/tweets_controller.rb:4:in `index'


  Rendered /Users/gustavoguimaraes/.rvm/gems/ruby-2.0.0-p247/gems/actionpack-3.2.0/lib/action_dispatch/middleware/templates/rescues/_trace.erb (2.1ms)
  Rendered /Users/gustavoguimaraes/.rvm/gems/ruby-2.0.0-p247/gems/actionpack-3.2.0/lib/action_dispatch/middleware/templates/rescues/_request_and_response.erb (1.0ms)
  Rendered /Users/gustavoguimaraes/.rvm/gems/ruby-2.0.0-p247/gems/actionpack-3.2.0/lib/action_dispatch/middleware/templates/rescues/diagnostics.erb within rescues/layout (5.0ms)


Started GET "/tweets" for 127.0.0.1 at 2014-01-07 15:40:35 -0500
Processing by TweetsController#index as HTML
Completed 500 Internal Server Error in 1ms

NameError (uninitialized constant TweetsController::Tweet):
  app/controllers/tweets_controller.rb:4:in `index'


  Rendered /Users/gustavoguimaraes/.rvm/gems/ruby-2.0.0-p247/gems/actionpack-3.2.0/lib/action_dispatch/middleware/templates/rescues/_trace.erb (2.1ms)
  Rendered /Users/gustavoguimaraes/.rvm/gems/ruby-2.0.0-p247/gems/actionpack-3.2.0/lib/action_dispatch/middleware/templates/rescues/_request_and_response.erb (0.8ms)
  Rendered /Users/gustavoguimaraes/.rvm/gems/ruby-2.0.0-p247/gems/actionpack-3.2.0/lib/action_dispatch/middleware/templates/rescues/diagnostics.erb within rescues/layout (4.6ms)


Started GET "/tweets" for 127.0.0.1 at 2014-01-07 15:41:02 -0500
Processing by TweetsController#index as HTML
Completed 500 Internal Server Error in 1ms

NameError (uninitialized constant TweetsController::Tweet):
  app/controllers/tweets_controller.rb:4:in `index'


  Rendered /Users/gustavoguimaraes/.rvm/gems/ruby-2.0.0-p247/gems/actionpack-3.2.0/lib/action_dispatch/middleware/templates/rescues/_trace.erb (2.2ms)
  Rendered /Users/gustavoguimaraes/.rvm/gems/ruby-2.0.0-p247/gems/actionpack-3.2.0/lib/action_dispatch/middleware/templates/rescues/_request_and_response.erb (0.8ms)
  Rendered /Users/gustavoguimaraes/.rvm/gems/ruby-2.0.0-p247/gems/actionpack-3.2.0/lib/action_dispatch/middleware/templates/rescues/diagnostics.erb within rescues/layout (5.0ms)


Started GET "/tweets" for 127.0.0.1 at 2014-01-07 15:42:05 -0500
Processing by TweetsController#index as HTML
  [1m[36mTweet Load (0.1ms)[0m  [1mSELECT "tweets".* FROM "tweets" [0m
  Rendered tweets/index.html.erb within layouts/application (0.3ms)
Compiled application.css  (0ms)  (pid 29748)
Compiled application.js  (0ms)  (pid 29748)
Completed 200 OK in 18ms (Views: 16.5ms | ActiveRecord: 0.1ms)


Started GET "/assets/application.css?body=1" for 127.0.0.1 at 2014-01-07 15:42:06 -0500
Served asset /application.css - 304 Not Modified (2ms)


Started GET "/assets/application.js?body=1" for 127.0.0.1 at 2014-01-07 15:42:06 -0500
Served asset /application.js - 304 Not Modified (1ms)


Started GET "/entries/3" for 127.0.0.1 at 2014-01-07 15:45:04 -0500

ActionController::RoutingError (No route matches [GET] "/entries/3"):
  actionpack (3.2.0) lib/action_dispatch/middleware/debug_exceptions.rb:21:in `call'
  actionpack (3.2.0) lib/action_dispatch/middleware/show_exceptions.rb:56:in `call'
  railties (3.2.0) lib/rails/rack/logger.rb:26:in `call_app'
  railties (3.2.0) lib/rails/rack/logger.rb:16:in `call'
  actionpack (3.2.0) lib/action_dispatch/middleware/request_id.rb:22:in `call'
  rack (1.4.5) lib/rack/methodoverride.rb:21:in `call'
  rack (1.4.5) lib/rack/runtime.rb:17:in `call'
  activesupport (3.2.0) lib/active_support/cache/strategy/local_cache.rb:72:in `call'
  rack (1.4.5) lib/rack/lock.rb:15:in `call'
  actionpack (3.2.0) lib/action_dispatch/middleware/static.rb:53:in `call'
  railties (3.2.0) lib/rails/engine.rb:479:in `call'
  railties (3.2.0) lib/rails/application.rb:220:in `call'
  rack (1.4.5) lib/rack/content_length.rb:14:in `call'
  railties (3.2.0) lib/rails/rack/log_tailer.rb:14:in `call'
  rack (1.4.5) lib/rack/handler/webrick.rb:59:in `service'
  /Users/gustavoguimaraes/.rvm/rubies/ruby-2.0.0-p247/lib/ruby/2.0.0/webrick/httpserver.rb:138:in `service'
  /Users/gustavoguimaraes/.rvm/rubies/ruby-2.0.0-p247/lib/ruby/2.0.0/webrick/httpserver.rb:94:in `run'
  /Users/gustavoguimaraes/.rvm/rubies/ruby-2.0.0-p247/lib/ruby/2.0.0/webrick/server.rb:295:in `block in start_thread'


  Rendered /Users/gustavoguimaraes/.rvm/gems/ruby-2.0.0-p247/gems/actionpack-3.2.0/lib/action_dispatch/middleware/templates/rescues/routing_error.erb within rescues/layout (0.6ms)


Started GET "/tweets/new" for 127.0.0.1 at 2014-01-07 15:49:57 -0500
Processing by TweetsController#new as HTML
  Rendered tweets/new.html.erb within layouts/application (11.2ms)
Completed 200 OK in 21ms (Views: 14.7ms | ActiveRecord: 0.0ms)


Started GET "/assets/application.css?body=1" for 127.0.0.1 at 2014-01-07 15:49:57 -0500
Served asset /application.css - 304 Not Modified (0ms)


Started GET "/assets/application.js?body=1" for 127.0.0.1 at 2014-01-07 15:49:57 -0500
Served asset /application.js - 304 Not Modified (0ms)


Started POST "/tweets" for 127.0.0.1 at 2014-01-07 15:50:05 -0500

AbstractController::ActionNotFound (The action 'create' could not be found for TweetsController):
  actionpack (3.2.0) lib/abstract_controller/base.rb:116:in `process'
  actionpack (3.2.0) lib/abstract_controller/rendering.rb:45:in `process'
  actionpack (3.2.0) lib/action_controller/metal.rb:203:in `dispatch'
  actionpack (3.2.0) lib/action_controller/metal/rack_delegation.rb:14:in `dispatch'
  actionpack (3.2.0) lib/action_controller/metal.rb:246:in `block in action'
  actionpack (3.2.0) lib/action_dispatch/routing/route_set.rb:66:in `call'
  actionpack (3.2.0) lib/action_dispatch/routing/route_set.rb:66:in `dispatch'
  actionpack (3.2.0) lib/action_dispatch/routing/route_set.rb:30:in `call'
  journey (1.0.4) lib/journey/router.rb:68:in `block in call'
  journey (1.0.4) lib/journey/router.rb:56:in `each'
  journey (1.0.4) lib/journey/router.rb:56:in `call'
  actionpack (3.2.0) lib/action_dispatch/routing/route_set.rb:570:in `call'
  actionpack (3.2.0) lib/action_dispatch/middleware/best_standards_support.rb:17:in `call'
  rack (1.4.5) lib/rack/etag.rb:23:in `call'
  rack (1.4.5) lib/rack/conditionalget.rb:35:in `call'
  actionpack (3.2.0) lib/action_dispatch/middleware/head.rb:14:in `call'
  actionpack (3.2.0) lib/action_dispatch/middleware/params_parser.rb:21:in `call'
  actionpack (3.2.0) lib/action_dispatch/middleware/flash.rb:242:in `call'
  rack (1.4.5) lib/rack/session/abstract/id.rb:210:in `context'
  rack (1.4.5) lib/rack/session/abstract/id.rb:205:in `call'
  actionpack (3.2.0) lib/action_dispatch/middleware/cookies.rb:338:in `call'
  activerecord (3.2.0) lib/active_record/query_cache.rb:64:in `call'
  activerecord (3.2.0) lib/active_record/connection_adapters/abstract/connection_pool.rb:443:in `call'
  actionpack (3.2.0) lib/action_dispatch/middleware/callbacks.rb:28:in `block in call'
  activesupport (3.2.0) lib/active_support/callbacks.rb:405:in `_run__3894440078963266639__call__1217677132395881938__callbacks'
  activesupport (3.2.0) lib/active_support/callbacks.rb:405:in `__run_callback'
  activesupport (3.2.0) lib/active_support/callbacks.rb:385:in `_run_call_callbacks'
  activesupport (3.2.0) lib/active_support/callbacks.rb:81:in `run_callbacks'
  actionpack (3.2.0) lib/action_dispatch/middleware/callbacks.rb:27:in `call'
  actionpack (3.2.0) lib/action_dispatch/middleware/reloader.rb:65:in `call'
  actionpack (3.2.0) lib/action_dispatch/middleware/remote_ip.rb:31:in `call'
  actionpack (3.2.0) lib/action_dispatch/middleware/debug_exceptions.rb:16:in `call'
  actionpack (3.2.0) lib/action_dispatch/middleware/show_exceptions.rb:56:in `call'
  railties (3.2.0) lib/rails/rack/logger.rb:26:in `call_app'
  railties (3.2.0) lib/rails/rack/logger.rb:16:in `call'
  actionpack (3.2.0) lib/action_dispatch/middleware/request_id.rb:22:in `call'
  rack (1.4.5) lib/rack/methodoverride.rb:21:in `call'
  rack (1.4.5) lib/rack/runtime.rb:17:in `call'
  activesupport (3.2.0) lib/active_support/cache/strategy/local_cache.rb:72:in `call'
  rack (1.4.5) lib/rack/lock.rb:15:in `call'
  actionpack (3.2.0) lib/action_dispatch/middleware/static.rb:53:in `call'
  railties (3.2.0) lib/rails/engine.rb:479:in `call'
  railties (3.2.0) lib/rails/application.rb:220:in `call'
  rack (1.4.5) lib/rack/content_length.rb:14:in `call'
  railties (3.2.0) lib/rails/rack/log_tailer.rb:14:in `call'
  rack (1.4.5) lib/rack/handler/webrick.rb:59:in `service'
  /Users/gustavoguimaraes/.rvm/rubies/ruby-2.0.0-p247/lib/ruby/2.0.0/webrick/httpserver.rb:138:in `service'
  /Users/gustavoguimaraes/.rvm/rubies/ruby-2.0.0-p247/lib/ruby/2.0.0/webrick/httpserver.rb:94:in `run'
  /Users/gustavoguimaraes/.rvm/rubies/ruby-2.0.0-p247/lib/ruby/2.0.0/webrick/server.rb:295:in `block in start_thread'


  Rendered /Users/gustavoguimaraes/.rvm/gems/ruby-2.0.0-p247/gems/actionpack-3.2.0/lib/action_dispatch/middleware/templates/rescues/unknown_action.erb within rescues/layout (0.6ms)


Started POST "/tweets" for 127.0.0.1 at 2014-01-07 15:54:23 -0500

AbstractController::ActionNotFound (The action 'create' could not be found for TweetsController):
  actionpack (3.2.0) lib/abstract_controller/base.rb:116:in `process'
  actionpack (3.2.0) lib/abstract_controller/rendering.rb:45:in `process'
  actionpack (3.2.0) lib/action_controller/metal.rb:203:in `dispatch'
  actionpack (3.2.0) lib/action_controller/metal/rack_delegation.rb:14:in `dispatch'
  actionpack (3.2.0) lib/action_controller/metal.rb:246:in `block in action'
  actionpack (3.2.0) lib/action_dispatch/routing/route_set.rb:66:in `call'
  actionpack (3.2.0) lib/action_dispatch/routing/route_set.rb:66:in `dispatch'
  actionpack (3.2.0) lib/action_dispatch/routing/route_set.rb:30:in `call'
  journey (1.0.4) lib/journey/router.rb:68:in `block in call'
  journey (1.0.4) lib/journey/router.rb:56:in `each'
  journey (1.0.4) lib/journey/router.rb:56:in `call'
  actionpack (3.2.0) lib/action_dispatch/routing/route_set.rb:570:in `call'
  actionpack (3.2.0) lib/action_dispatch/middleware/best_standards_support.rb:17:in `call'
  rack (1.4.5) lib/rack/etag.rb:23:in `call'
  rack (1.4.5) lib/rack/conditionalget.rb:35:in `call'
  actionpack (3.2.0) lib/action_dispatch/middleware/head.rb:14:in `call'
  actionpack (3.2.0) lib/action_dispatch/middleware/params_parser.rb:21:in `call'
  actionpack (3.2.0) lib/action_dispatch/middleware/flash.rb:242:in `call'
  rack (1.4.5) lib/rack/session/abstract/id.rb:210:in `context'
  rack (1.4.5) lib/rack/session/abstract/id.rb:205:in `call'
  actionpack (3.2.0) lib/action_dispatch/middleware/cookies.rb:338:in `call'
  activerecord (3.2.0) lib/active_record/query_cache.rb:64:in `call'
  activerecord (3.2.0) lib/active_record/connection_adapters/abstract/connection_pool.rb:443:in `call'
  actionpack (3.2.0) lib/action_dispatch/middleware/callbacks.rb:28:in `block in call'
  activesupport (3.2.0) lib/active_support/callbacks.rb:405:in `_run__3894440078963266639__call__1217677132395881938__callbacks'
  activesupport (3.2.0) lib/active_support/callbacks.rb:405:in `__run_callback'
  activesupport (3.2.0) lib/active_support/callbacks.rb:385:in `_run_call_callbacks'
  activesupport (3.2.0) lib/active_support/callbacks.rb:81:in `run_callbacks'
  actionpack (3.2.0) lib/action_dispatch/middleware/callbacks.rb:27:in `call'
  actionpack (3.2.0) lib/action_dispatch/middleware/reloader.rb:65:in `call'
  actionpack (3.2.0) lib/action_dispatch/middleware/remote_ip.rb:31:in `call'
  actionpack (3.2.0) lib/action_dispatch/middleware/debug_exceptions.rb:16:in `call'
  actionpack (3.2.0) lib/action_dispatch/middleware/show_exceptions.rb:56:in `call'
  railties (3.2.0) lib/rails/rack/logger.rb:26:in `call_app'
  railties (3.2.0) lib/rails/rack/logger.rb:16:in `call'
  actionpack (3.2.0) lib/action_dispatch/middleware/request_id.rb:22:in `call'
  rack (1.4.5) lib/rack/methodoverride.rb:21:in `call'
  rack (1.4.5) lib/rack/runtime.rb:17:in `call'
  activesupport (3.2.0) lib/active_support/cache/strategy/local_cache.rb:72:in `call'
  rack (1.4.5) lib/rack/lock.rb:15:in `call'
  actionpack (3.2.0) lib/action_dispatch/middleware/static.rb:53:in `call'
  railties (3.2.0) lib/rails/engine.rb:479:in `call'
  railties (3.2.0) lib/rails/application.rb:220:in `call'
  rack (1.4.5) lib/rack/content_length.rb:14:in `call'
  railties (3.2.0) lib/rails/rack/log_tailer.rb:14:in `call'
  rack (1.4.5) lib/rack/handler/webrick.rb:59:in `service'
  /Users/gustavoguimaraes/.rvm/rubies/ruby-2.0.0-p247/lib/ruby/2.0.0/webrick/httpserver.rb:138:in `service'
  /Users/gustavoguimaraes/.rvm/rubies/ruby-2.0.0-p247/lib/ruby/2.0.0/webrick/httpserver.rb:94:in `run'
  /Users/gustavoguimaraes/.rvm/rubies/ruby-2.0.0-p247/lib/ruby/2.0.0/webrick/server.rb:295:in `block in start_thread'


  Rendered /Users/gustavoguimaraes/.rvm/gems/ruby-2.0.0-p247/gems/actionpack-3.2.0/lib/action_dispatch/middleware/templates/rescues/unknown_action.erb within rescues/layout (0.4ms)


Started GET "/tweets/" for 127.0.0.1 at 2014-01-07 15:54:27 -0500
Processing by TweetsController#index as HTML
  [1m[35mTweet Load (0.2ms)[0m  SELECT "tweets".* FROM "tweets" 
  Rendered tweets/index.html.erb within layouts/application (0.1ms)
Completed 200 OK in 10ms (Views: 3.7ms | ActiveRecord: 0.2ms)


Started GET "/assets/application.css?body=1" for 127.0.0.1 at 2014-01-07 15:54:28 -0500
Served asset /application.css - 304 Not Modified (0ms)


Started GET "/assets/application.js?body=1" for 127.0.0.1 at 2014-01-07 15:54:28 -0500
Served asset /application.js - 304 Not Modified (0ms)


Started GET "/tweets/new" for 127.0.0.1 at 2014-01-07 16:05:06 -0500
Processing by TweetsController#new as HTML
  Rendered tweets/new.html.erb within layouts/application (2.4ms)
Completed 200 OK in 10ms (Views: 5.6ms | ActiveRecord: 0.0ms)


Started GET "/assets/application.css?body=1" for 127.0.0.1 at 2014-01-07 16:05:06 -0500
Served asset /application.css - 304 Not Modified (0ms)


Started GET "/assets/application.js?body=1" for 127.0.0.1 at 2014-01-07 16:05:06 -0500
Served asset /application.js - 304 Not Modified (0ms)


Started POST "/tweets" for 127.0.0.1 at 2014-01-07 16:05:17 -0500
Processing by TweetsController#create as HTML
  Parameters: {"utf8"=>"✓", "authenticity_token"=>"mL//CJdXfOCVMZLJ9xBNr7fS1F0h0cUg7NxFJ9Zt7QE=", "tweet"=>{"body"=>"Hello all you amazing folks!"}, "commit"=>"Create Tweet"}
Completed 500 Internal Server Error in 4ms

ActionView::MissingTemplate (Missing template tweets/create, application/create with {:locale=>[:en], :formats=>[:html], :handlers=>[:erb, :builder, :coffee]}. Searched in:
  * "/Users/gustavoguimaraes/Projects/rails_demo_folder/Rails_Project1/app/views"
):
  actionpack (3.2.0) lib/action_view/path_set.rb:58:in `find'
  actionpack (3.2.0) lib/action_view/lookup_context.rb:109:in `find'
  actionpack (3.2.0) lib/action_view/renderer/abstract_renderer.rb:3:in `find_template'
  actionpack (3.2.0) lib/action_view/renderer/template_renderer.rb:28:in `determine_template'
  actionpack (3.2.0) lib/action_view/renderer/template_renderer.rb:10:in `render'
  actionpack (3.2.0) lib/action_view/renderer/renderer.rb:36:in `render_template'
  actionpack (3.2.0) lib/action_view/renderer/renderer.rb:17:in `render'
  actionpack (3.2.0) lib/abstract_controller/rendering.rb:109:in `_render_template'
  actionpack (3.2.0) lib/action_controller/metal/streaming.rb:225:in `_render_template'
  actionpack (3.2.0) lib/abstract_controller/rendering.rb:103:in `render_to_body'
  actionpack (3.2.0) lib/action_controller/metal/renderers.rb:28:in `render_to_body'
  actionpack (3.2.0) lib/action_controller/metal/compatibility.rb:50:in `render_to_body'
  actionpack (3.2.0) lib/abstract_controller/rendering.rb:88:in `render'
  actionpack (3.2.0) lib/action_controller/metal/rendering.rb:16:in `render'
  actionpack (3.2.0) lib/action_controller/metal/instrumentation.rb:40:in `block (2 levels) in render'
  activesupport (3.2.0) lib/active_support/core_ext/benchmark.rb:5:in `block in ms'
  /Users/gustavoguimaraes/.rvm/rubies/ruby-2.0.0-p247/lib/ruby/2.0.0/benchmark.rb:296:in `realtime'
  activesupport (3.2.0) lib/active_support/core_ext/benchmark.rb:5:in `ms'
  actionpack (3.2.0) lib/action_controller/metal/instrumentation.rb:40:in `block in render'
  actionpack (3.2.0) lib/action_controller/metal/instrumentation.rb:83:in `cleanup_view_runtime'
  activerecord (3.2.0) lib/active_record/railties/controller_runtime.rb:24:in `cleanup_view_runtime'
  actionpack (3.2.0) lib/action_controller/metal/instrumentation.rb:39:in `render'
  actionpack (3.2.0) lib/action_controller/metal/implicit_render.rb:10:in `default_render'
  actionpack (3.2.0) lib/action_controller/metal/implicit_render.rb:5:in `send_action'
  actionpack (3.2.0) lib/abstract_controller/base.rb:167:in `process_action'
  actionpack (3.2.0) lib/action_controller/metal/rendering.rb:10:in `process_action'
  actionpack (3.2.0) lib/abstract_controller/callbacks.rb:18:in `block in process_action'
  activesupport (3.2.0) lib/active_support/callbacks.rb:414:in `_run__1272481276549264843__process_action__1307211196715187854__callbacks'
  activesupport (3.2.0) lib/active_support/callbacks.rb:405:in `__run_callback'
  activesupport (3.2.0) lib/active_support/callbacks.rb:385:in `_run_process_action_callbacks'
  activesupport (3.2.0) lib/active_support/callbacks.rb:81:in `run_callbacks'
  actionpack (3.2.0) lib/abstract_controller/callbacks.rb:17:in `process_action'
  actionpack (3.2.0) lib/action_controller/metal/rescue.rb:29:in `process_action'
  actionpack (3.2.0) lib/action_controller/metal/instrumentation.rb:30:in `block in process_action'
  activesupport (3.2.0) lib/active_support/notifications.rb:123:in `block in instrument'
  activesupport (3.2.0) lib/active_support/notifications/instrumenter.rb:20:in `instrument'
  activesupport (3.2.0) lib/active_support/notifications.rb:123:in `instrument'
  actionpack (3.2.0) lib/action_controller/metal/instrumentation.rb:29:in `process_action'
  actionpack (3.2.0) lib/action_controller/metal/params_wrapper.rb:205:in `process_action'
  activerecord (3.2.0) lib/active_record/railties/controller_runtime.rb:18:in `process_action'
  actionpack (3.2.0) lib/abstract_controller/base.rb:121:in `process'
  actionpack (3.2.0) lib/abstract_controller/rendering.rb:45:in `process'
  actionpack (3.2.0) lib/action_controller/metal.rb:203:in `dispatch'
  actionpack (3.2.0) lib/action_controller/metal/rack_delegation.rb:14:in `dispatch'
  actionpack (3.2.0) lib/action_controller/metal.rb:246:in `block in action'
  actionpack (3.2.0) lib/action_dispatch/routing/route_set.rb:66:in `call'
  actionpack (3.2.0) lib/action_dispatch/routing/route_set.rb:66:in `dispatch'
  actionpack (3.2.0) lib/action_dispatch/routing/route_set.rb:30:in `call'
  journey (1.0.4) lib/journey/router.rb:68:in `block in call'
  journey (1.0.4) lib/journey/router.rb:56:in `each'
  journey (1.0.4) lib/journey/router.rb:56:in `call'
  actionpack (3.2.0) lib/action_dispatch/routing/route_set.rb:570:in `call'
  actionpack (3.2.0) lib/action_dispatch/middleware/best_standards_support.rb:17:in `call'
  rack (1.4.5) lib/rack/etag.rb:23:in `call'
  rack (1.4.5) lib/rack/conditionalget.rb:35:in `call'
  actionpack (3.2.0) lib/action_dispatch/middleware/head.rb:14:in `call'
  actionpack (3.2.0) lib/action_dispatch/middleware/params_parser.rb:21:in `call'
  actionpack (3.2.0) lib/action_dispatch/middleware/flash.rb:242:in `call'
  rack (1.4.5) lib/rack/session/abstract/id.rb:210:in `context'
  rack (1.4.5) lib/rack/session/abstract/id.rb:205:in `call'
  actionpack (3.2.0) lib/action_dispatch/middleware/cookies.rb:338:in `call'
  activerecord (3.2.0) lib/active_record/query_cache.rb:64:in `call'
  activerecord (3.2.0) lib/active_record/connection_adapters/abstract/connection_pool.rb:443:in `call'
  actionpack (3.2.0) lib/action_dispatch/middleware/callbacks.rb:28:in `block in call'
  activesupport (3.2.0) lib/active_support/callbacks.rb:405:in `_run__3894440078963266639__call__1217677132395881938__callbacks'
  activesupport (3.2.0) lib/active_support/callbacks.rb:405:in `__run_callback'
  activesupport (3.2.0) lib/active_support/callbacks.rb:385:in `_run_call_callbacks'
  activesupport (3.2.0) lib/active_support/callbacks.rb:81:in `run_callbacks'
  actionpack (3.2.0) lib/action_dispatch/middleware/callbacks.rb:27:in `call'
  actionpack (3.2.0) lib/action_dispatch/middleware/reloader.rb:65:in `call'
  actionpack (3.2.0) lib/action_dispatch/middleware/remote_ip.rb:31:in `call'
  actionpack (3.2.0) lib/action_dispatch/middleware/debug_exceptions.rb:16:in `call'
  actionpack (3.2.0) lib/action_dispatch/middleware/show_exceptions.rb:56:in `call'
  railties (3.2.0) lib/rails/rack/logger.rb:26:in `call_app'
  railties (3.2.0) lib/rails/rack/logger.rb:16:in `call'
  actionpack (3.2.0) lib/action_dispatch/middleware/request_id.rb:22:in `call'
  rack (1.4.5) lib/rack/methodoverride.rb:21:in `call'
  rack (1.4.5) lib/rack/runtime.rb:17:in `call'
  activesupport (3.2.0) lib/active_support/cache/strategy/local_cache.rb:72:in `call'
  rack (1.4.5) lib/rack/lock.rb:15:in `call'
  actionpack (3.2.0) lib/action_dispatch/middleware/static.rb:53:in `call'
  railties (3.2.0) lib/rails/engine.rb:479:in `call'
  railties (3.2.0) lib/rails/application.rb:220:in `call'
  rack (1.4.5) lib/rack/content_length.rb:14:in `call'
  railties (3.2.0) lib/rails/rack/log_tailer.rb:14:in `call'
  rack (1.4.5) lib/rack/handler/webrick.rb:59:in `service'
  /Users/gustavoguimaraes/.rvm/rubies/ruby-2.0.0-p247/lib/ruby/2.0.0/webrick/httpserver.rb:138:in `service'
  /Users/gustavoguimaraes/.rvm/rubies/ruby-2.0.0-p247/lib/ruby/2.0.0/webrick/httpserver.rb:94:in `run'
  /Users/gustavoguimaraes/.rvm/rubies/ruby-2.0.0-p247/lib/ruby/2.0.0/webrick/server.rb:295:in `block in start_thread'


  Rendered /Users/gustavoguimaraes/.rvm/gems/ruby-2.0.0-p247/gems/actionpack-3.2.0/lib/action_dispatch/middleware/templates/rescues/missing_template.erb within rescues/layout (0.5ms)


Started POST "/tweets" for 127.0.0.1 at 2014-01-07 16:13:11 -0500
Processing by TweetsController#create as HTML
  Parameters: {"utf8"=>"✓", "authenticity_token"=>"mL//CJdXfOCVMZLJ9xBNr7fS1F0h0cUg7NxFJ9Zt7QE=", "tweet"=>{"body"=>"Hello all you amazing folks!"}, "commit"=>"Create Tweet"}
Redirected to http://0.0.0.0:3000/tweets
Completed 302 Found in 5ms (ActiveRecord: 0.0ms)


Started GET "/tweets" for 127.0.0.1 at 2014-01-07 16:13:11 -0500
Processing by TweetsController#index as HTML
  [1m[36mTweet Load (0.2ms)[0m  [1mSELECT "tweets".* FROM "tweets" [0m
  Rendered tweets/index.html.erb within layouts/application (0.1ms)
Completed 200 OK in 6ms (Views: 5.1ms | ActiveRecord: 0.2ms)


Started GET "/assets/application.css?body=1" for 127.0.0.1 at 2014-01-07 16:13:11 -0500
Served asset /application.css - 304 Not Modified (0ms)


Started GET "/assets/application.js?body=1" for 127.0.0.1 at 2014-01-07 16:13:11 -0500
Served asset /application.js - 304 Not Modified (0ms)


Started GET "/tweets/new" for 127.0.0.1 at 2014-01-07 16:13:57 -0500
Processing by TweetsController#new as HTML
  Rendered tweets/new.html.erb within layouts/application (2.7ms)
Completed 200 OK in 8ms (Views: 6.8ms | ActiveRecord: 0.0ms)


Started GET "/assets/application.css?body=1" for 127.0.0.1 at 2014-01-07 16:13:57 -0500
Served asset /application.css - 304 Not Modified (0ms)


Started GET "/assets/application.js?body=1" for 127.0.0.1 at 2014-01-07 16:13:57 -0500
Served asset /application.js - 304 Not Modified (0ms)


Started POST "/tweets" for 127.0.0.1 at 2014-01-07 16:14:08 -0500
Processing by TweetsController#create as HTML
  Parameters: {"utf8"=>"✓", "authenticity_token"=>"mL//CJdXfOCVMZLJ9xBNr7fS1F0h0cUg7NxFJ9Zt7QE=", "tweet"=>{"body"=>"My fabulous hair"}, "commit"=>"Create Tweet"}
Redirected to http://0.0.0.0:3000/tweets
Completed 302 Found in 1ms (ActiveRecord: 0.0ms)


Started GET "/tweets" for 127.0.0.1 at 2014-01-07 16:14:08 -0500
Processing by TweetsController#index as HTML
  [1m[35mTweet Load (0.1ms)[0m  SELECT "tweets".* FROM "tweets" 
  Rendered tweets/index.html.erb within layouts/application (0.1ms)
Completed 200 OK in 4ms (Views: 3.2ms | ActiveRecord: 0.1ms)


Started GET "/assets/application.css?body=1" for 127.0.0.1 at 2014-01-07 16:14:08 -0500
Served asset /application.css - 304 Not Modified (0ms)


Started GET "/assets/application.js?body=1" for 127.0.0.1 at 2014-01-07 16:14:08 -0500
Served asset /application.js - 304 Not Modified (0ms)


Started GET "/tweets" for 127.0.0.1 at 2014-01-07 16:14:15 -0500
Processing by TweetsController#index as HTML
  [1m[36mTweet Load (0.2ms)[0m  [1mSELECT "tweets".* FROM "tweets" [0m
  Rendered tweets/index.html.erb within layouts/application (0.1ms)
Completed 200 OK in 4ms (Views: 2.9ms | ActiveRecord: 0.2ms)


Started GET "/assets/application.css?body=1" for 127.0.0.1 at 2014-01-07 16:14:16 -0500
Served asset /application.css - 304 Not Modified (0ms)


Started GET "/assets/application.js?body=1" for 127.0.0.1 at 2014-01-07 16:14:16 -0500
Served asset /application.js - 304 Not Modified (0ms)


Started GET "/tweets/" for 127.0.0.1 at 2014-01-07 16:14:20 -0500
Processing by TweetsController#index as HTML
  [1m[35mTweet Load (0.2ms)[0m  SELECT "tweets".* FROM "tweets" 
  Rendered tweets/index.html.erb within layouts/application (0.1ms)
Completed 200 OK in 6ms (Views: 4.1ms | ActiveRecord: 0.2ms)


Started GET "/assets/application.css?body=1" for 127.0.0.1 at 2014-01-07 16:14:20 -0500
Served asset /application.css - 304 Not Modified (0ms)


Started GET "/assets/application.js?body=1" for 127.0.0.1 at 2014-01-07 16:14:20 -0500
Served asset /application.js - 304 Not Modified (0ms)


Started GET "/tweets/new" for 127.0.0.1 at 2014-01-07 16:15:37 -0500
Processing by TweetsController#new as HTML
  Rendered tweets/new.html.erb within layouts/application (2.0ms)
Completed 200 OK in 8ms (Views: 4.6ms | ActiveRecord: 0.0ms)


Started GET "/assets/application.css?body=1" for 127.0.0.1 at 2014-01-07 16:15:37 -0500
Served asset /application.css - 304 Not Modified (0ms)


Started GET "/assets/application.js?body=1" for 127.0.0.1 at 2014-01-07 16:15:37 -0500
Served asset /application.js - 304 Not Modified (0ms)


Started POST "/tweets" for 127.0.0.1 at 2014-01-07 16:15:43 -0500
Processing by TweetsController#create as HTML
  Parameters: {"utf8"=>"✓", "authenticity_token"=>"mL//CJdXfOCVMZLJ9xBNr7fS1F0h0cUg7NxFJ9Zt7QE=", "tweet"=>{"body"=>"Hello all you amazing folks!"}, "commit"=>"Create Tweet"}
  [1m[36m (0.2ms)[0m  [1mbegin transaction[0m
  [1m[35mSQL (8.1ms)[0m  INSERT INTO "tweets" ("body", "created_at", "updated_at") VALUES (?, ?, ?)  [["body", "Hello all you amazing folks!"], ["created_at", Tue, 07 Jan 2014 21:15:43 UTC +00:00], ["updated_at", Tue, 07 Jan 2014 21:15:43 UTC +00:00]]
  [1m[36m (1.1ms)[0m  [1mcommit transaction[0m
Redirected to http://0.0.0.0:3000/tweets/2
Completed 302 Found in 51ms (ActiveRecord: 9.4ms)


Started GET "/tweets/2" for 127.0.0.1 at 2014-01-07 16:15:43 -0500

AbstractController::ActionNotFound (The action 'show' could not be found for TweetsController):
  actionpack (3.2.0) lib/abstract_controller/base.rb:116:in `process'
  actionpack (3.2.0) lib/abstract_controller/rendering.rb:45:in `process'
  actionpack (3.2.0) lib/action_controller/metal.rb:203:in `dispatch'
  actionpack (3.2.0) lib/action_controller/metal/rack_delegation.rb:14:in `dispatch'
  actionpack (3.2.0) lib/action_controller/metal.rb:246:in `block in action'
  actionpack (3.2.0) lib/action_dispatch/routing/route_set.rb:66:in `call'
  actionpack (3.2.0) lib/action_dispatch/routing/route_set.rb:66:in `dispatch'
  actionpack (3.2.0) lib/action_dispatch/routing/route_set.rb:30:in `call'
  journey (1.0.4) lib/journey/router.rb:68:in `block in call'
  journey (1.0.4) lib/journey/router.rb:56:in `each'
  journey (1.0.4) lib/journey/router.rb:56:in `call'
  actionpack (3.2.0) lib/action_dispatch/routing/route_set.rb:570:in `call'
  actionpack (3.2.0) lib/action_dispatch/middleware/best_standards_support.rb:17:in `call'
  rack (1.4.5) lib/rack/etag.rb:23:in `call'
  rack (1.4.5) lib/rack/conditionalget.rb:25:in `call'
  actionpack (3.2.0) lib/action_dispatch/middleware/head.rb:14:in `call'
  actionpack (3.2.0) lib/action_dispatch/middleware/params_parser.rb:21:in `call'
  actionpack (3.2.0) lib/action_dispatch/middleware/flash.rb:242:in `call'
  rack (1.4.5) lib/rack/session/abstract/id.rb:210:in `context'
  rack (1.4.5) lib/rack/session/abstract/id.rb:205:in `call'
  actionpack (3.2.0) lib/action_dispatch/middleware/cookies.rb:338:in `call'
  activerecord (3.2.0) lib/active_record/query_cache.rb:64:in `call'
  activerecord (3.2.0) lib/active_record/connection_adapters/abstract/connection_pool.rb:443:in `call'
  actionpack (3.2.0) lib/action_dispatch/middleware/callbacks.rb:28:in `block in call'
  activesupport (3.2.0) lib/active_support/callbacks.rb:405:in `_run__3894440078963266639__call__1217677132395881938__callbacks'
  activesupport (3.2.0) lib/active_support/callbacks.rb:405:in `__run_callback'
  activesupport (3.2.0) lib/active_support/callbacks.rb:385:in `_run_call_callbacks'
  activesupport (3.2.0) lib/active_support/callbacks.rb:81:in `run_callbacks'
  actionpack (3.2.0) lib/action_dispatch/middleware/callbacks.rb:27:in `call'
  actionpack (3.2.0) lib/action_dispatch/middleware/reloader.rb:65:in `call'
  actionpack (3.2.0) lib/action_dispatch/middleware/remote_ip.rb:31:in `call'
  actionpack (3.2.0) lib/action_dispatch/middleware/debug_exceptions.rb:16:in `call'
  actionpack (3.2.0) lib/action_dispatch/middleware/show_exceptions.rb:56:in `call'
  railties (3.2.0) lib/rails/rack/logger.rb:26:in `call_app'
  railties (3.2.0) lib/rails/rack/logger.rb:16:in `call'
  actionpack (3.2.0) lib/action_dispatch/middleware/request_id.rb:22:in `call'
  rack (1.4.5) lib/rack/methodoverride.rb:21:in `call'
  rack (1.4.5) lib/rack/runtime.rb:17:in `call'
  activesupport (3.2.0) lib/active_support/cache/strategy/local_cache.rb:72:in `call'
  rack (1.4.5) lib/rack/lock.rb:15:in `call'
  actionpack (3.2.0) lib/action_dispatch/middleware/static.rb:53:in `call'
  railties (3.2.0) lib/rails/engine.rb:479:in `call'
  railties (3.2.0) lib/rails/application.rb:220:in `call'
  rack (1.4.5) lib/rack/content_length.rb:14:in `call'
  railties (3.2.0) lib/rails/rack/log_tailer.rb:14:in `call'
  rack (1.4.5) lib/rack/handler/webrick.rb:59:in `service'
  /Users/gustavoguimaraes/.rvm/rubies/ruby-2.0.0-p247/lib/ruby/2.0.0/webrick/httpserver.rb:138:in `service'
  /Users/gustavoguimaraes/.rvm/rubies/ruby-2.0.0-p247/lib/ruby/2.0.0/webrick/httpserver.rb:94:in `run'
  /Users/gustavoguimaraes/.rvm/rubies/ruby-2.0.0-p247/lib/ruby/2.0.0/webrick/server.rb:295:in `block in start_thread'


  Rendered /Users/gustavoguimaraes/.rvm/gems/ruby-2.0.0-p247/gems/actionpack-3.2.0/lib/action_dispatch/middleware/templates/rescues/unknown_action.erb within rescues/layout (0.7ms)


Started GET "/tweets/2" for 127.0.0.1 at 2014-01-07 16:17:58 -0500
Processing by TweetsController#show as HTML
  Parameters: {"id"=>"2"}
  [1m[35mTweet Load (0.4ms)[0m  SELECT "tweets".* FROM "tweets" WHERE "tweets"."id" = ? LIMIT 1  [["id", "2"]]
  Rendered tweets/show.html.erb within layouts/application (0.3ms)
Completed 200 OK in 10ms (Views: 3.4ms | ActiveRecord: 0.4ms)


Started GET "/assets/application.css?body=1" for 127.0.0.1 at 2014-01-07 16:17:58 -0500
Served asset /application.css - 304 Not Modified (0ms)


Started GET "/assets/application.js?body=1" for 127.0.0.1 at 2014-01-07 16:17:58 -0500
Served asset /application.js - 304 Not Modified (0ms)


Started GET "/tweets/2" for 127.0.0.1 at 2014-01-07 16:18:04 -0500
Processing by TweetsController#show as HTML
  Parameters: {"id"=>"2"}
  [1m[36mTweet Load (0.1ms)[0m  [1mSELECT "tweets".* FROM "tweets" WHERE "tweets"."id" = ? LIMIT 1[0m  [["id", "2"]]
  Rendered tweets/show.html.erb within layouts/application (0.3ms)
Completed 200 OK in 5ms (Views: 3.1ms | ActiveRecord: 0.1ms)


Started GET "/assets/application.css?body=1" for 127.0.0.1 at 2014-01-07 16:18:05 -0500
Served asset /application.css - 304 Not Modified (0ms)


Started GET "/assets/application.js?body=1" for 127.0.0.1 at 2014-01-07 16:18:05 -0500
Served asset /application.js - 304 Not Modified (0ms)


Started GET "/tweets/2" for 127.0.0.1 at 2014-01-07 16:18:18 -0500
Processing by TweetsController#show as HTML
  Parameters: {"id"=>"2"}
  [1m[35mTweet Load (0.1ms)[0m  SELECT "tweets".* FROM "tweets" WHERE "tweets"."id" = ? LIMIT 1  [["id", "2"]]
  Rendered tweets/show.html.erb within layouts/application (0.4ms)
Completed 200 OK in 5ms (Views: 3.0ms | ActiveRecord: 0.1ms)


Started GET "/assets/application.css?body=1" for 127.0.0.1 at 2014-01-07 16:18:18 -0500
Served asset /application.css - 304 Not Modified (0ms)


Started GET "/assets/application.js?body=1" for 127.0.0.1 at 2014-01-07 16:18:18 -0500
Served asset /application.js - 304 Not Modified (0ms)


Started GET "/tweets/" for 127.0.0.1 at 2014-01-07 16:18:23 -0500
Processing by TweetsController#index as HTML
  [1m[36mTweet Load (0.2ms)[0m  [1mSELECT "tweets".* FROM "tweets" [0m
  Rendered tweets/index.html.erb within layouts/application (0.1ms)
Completed 200 OK in 5ms (Views: 3.1ms | ActiveRecord: 0.2ms)


Started GET "/assets/application.css?body=1" for 127.0.0.1 at 2014-01-07 16:18:23 -0500
Served asset /application.css - 304 Not Modified (0ms)


Started GET "/assets/application.js?body=1" for 127.0.0.1 at 2014-01-07 16:18:23 -0500
Served asset /application.js - 304 Not Modified (0ms)


Started GET "/tweets/" for 127.0.0.1 at 2014-01-07 16:18:45 -0500
Processing by TweetsController#index as HTML
  [1m[35mTweet Load (0.1ms)[0m  SELECT "tweets".* FROM "tweets" 
  Rendered tweets/index.html.erb within layouts/application (0.4ms)
Completed 200 OK in 5ms (Views: 3.2ms | ActiveRecord: 0.1ms)


Started GET "/assets/application.css?body=1" for 127.0.0.1 at 2014-01-07 16:18:45 -0500
Served asset /application.css - 304 Not Modified (0ms)


Started GET "/assets/application.js?body=1" for 127.0.0.1 at 2014-01-07 16:18:45 -0500
Served asset /application.js - 304 Not Modified (0ms)


Started GET "/tweets/" for 127.0.0.1 at 2014-01-07 16:24:07 -0500
Processing by TweetsController#index as HTML
  [1m[36mTweet Load (0.2ms)[0m  [1mSELECT "tweets".* FROM "tweets" [0m
  Rendered tweets/index.html.erb within layouts/application (0.1ms)
Completed 200 OK in 10ms (Views: 3.6ms | ActiveRecord: 0.2ms)


Started GET "/assets/application.css?body=1" for 127.0.0.1 at 2014-01-07 16:24:07 -0500
Served asset /application.css - 304 Not Modified (0ms)


Started GET "/assets/application.js?body=1" for 127.0.0.1 at 2014-01-07 16:24:07 -0500
Served asset /application.js - 304 Not Modified (0ms)


Started GET "/tweets/new" for 127.0.0.1 at 2014-01-07 16:24:10 -0500
Processing by TweetsController#new as HTML
  Rendered tweets/new.html.erb within layouts/application (2.4ms)
Completed 200 OK in 38ms (Views: 5.4ms | ActiveRecord: 0.0ms)


Started GET "/assets/application.css?body=1" for 127.0.0.1 at 2014-01-07 16:24:11 -0500
Served asset /application.css - 304 Not Modified (0ms)


Started GET "/assets/application.js?body=1" for 127.0.0.1 at 2014-01-07 16:24:11 -0500
Served asset /application.js - 304 Not Modified (0ms)


Started POST "/tweets" for 127.0.0.1 at 2014-01-07 16:24:19 -0500
Processing by TweetsController#create as HTML
  Parameters: {"utf8"=>"✓", "authenticity_token"=>"mL//CJdXfOCVMZLJ9xBNr7fS1F0h0cUg7NxFJ9Zt7QE=", "tweet"=>{"body"=>"This will be deleted"}, "commit"=>"Create Tweet"}
  [1m[35m (0.1ms)[0m  begin transaction
  [1m[36mSQL (0.6ms)[0m  [1mINSERT INTO "tweets" ("body", "created_at", "updated_at") VALUES (?, ?, ?)[0m  [["body", "This will be deleted"], ["created_at", Tue, 07 Jan 2014 21:24:19 UTC +00:00], ["updated_at", Tue, 07 Jan 2014 21:24:19 UTC +00:00]]
  [1m[35m (0.9ms)[0m  commit transaction
Redirected to http://0.0.0.0:3000/tweets/3
Completed 302 Found in 8ms (ActiveRecord: 1.6ms)


Started GET "/tweets/3" for 127.0.0.1 at 2014-01-07 16:24:19 -0500
Processing by TweetsController#show as HTML
  Parameters: {"id"=>"3"}
  [1m[36mTweet Load (0.2ms)[0m  [1mSELECT "tweets".* FROM "tweets" WHERE "tweets"."id" = ? LIMIT 1[0m  [["id", "3"]]
  Rendered tweets/show.html.erb within layouts/application (0.1ms)
Completed 200 OK in 5ms (Views: 3.2ms | ActiveRecord: 0.2ms)


Started GET "/assets/application.css?body=1" for 127.0.0.1 at 2014-01-07 16:24:19 -0500
Served asset /application.css - 304 Not Modified (0ms)


Started GET "/assets/application.js?body=1" for 127.0.0.1 at 2014-01-07 16:24:19 -0500
Served asset /application.js - 304 Not Modified (0ms)


Started GET "/tweets/" for 127.0.0.1 at 2014-01-07 16:27:14 -0500
Processing by TweetsController#index as HTML
  [1m[35mTweet Load (0.2ms)[0m  SELECT "tweets".* FROM "tweets" 
  Rendered tweets/index.html.erb within layouts/application (0.1ms)
Completed 200 OK in 4ms (Views: 2.7ms | ActiveRecord: 0.2ms)


Started GET "/assets/application.css?body=1" for 127.0.0.1 at 2014-01-07 16:27:15 -0500
Served asset /application.css - 304 Not Modified (0ms)


Started GET "/assets/application.js?body=1" for 127.0.0.1 at 2014-01-07 16:27:15 -0500
Served asset /application.js - 304 Not Modified (0ms)


Started GET "/tweets/" for 127.0.0.1 at 2014-01-07 16:30:39 -0500
Processing by TweetsController#index as HTML
  [1m[36mTweet Load (0.1ms)[0m  [1mSELECT "tweets".* FROM "tweets" [0m
  Rendered tweets/index.html.erb within layouts/application (646.0ms)
Completed 500 Internal Server Error in 649ms

ActionView::Template::Error (undefined local variable or method `tweet' for #<#<Class:0x007fe4ac9b7358>:0x007fe4ab39afe8>):
    1: <ul>
    2: <% @tweets.each do |t| %>
    3: 	<li><%= t.body %> </li> <!-- like ruby object and calling attribute dog and dog.name -->
    4:   <%=link_to "Delete", tweet, :method => :delete, :data => { :confirm => "Are you sure?"} %>
    5: <% end %>
    6: 
    7: </ul>
  app/views/tweets/index.html.erb:4:in `block in _app_views_tweets_index_html_erb___338051534257512830_70310050975560'
  app/views/tweets/index.html.erb:2:in `each'
  app/views/tweets/index.html.erb:2:in `_app_views_tweets_index_html_erb___338051534257512830_70310050975560'


  Rendered /Users/gustavoguimaraes/.rvm/gems/ruby-2.0.0-p247/gems/actionpack-3.2.0/lib/action_dispatch/middleware/templates/rescues/_trace.erb (3.7ms)
  Rendered /Users/gustavoguimaraes/.rvm/gems/ruby-2.0.0-p247/gems/actionpack-3.2.0/lib/action_dispatch/middleware/templates/rescues/_request_and_response.erb (1.1ms)
  Rendered /Users/gustavoguimaraes/.rvm/gems/ruby-2.0.0-p247/gems/actionpack-3.2.0/lib/action_dispatch/middleware/templates/rescues/template_error.erb within rescues/layout (8.5ms)


Started GET "/tweets/" for 127.0.0.1 at 2014-01-07 16:31:16 -0500
Processing by TweetsController#index as HTML
  [1m[35mTweet Load (0.2ms)[0m  SELECT "tweets".* FROM "tweets" 
  Rendered tweets/index.html.erb within layouts/application (540.3ms)
Completed 500 Internal Server Error in 543ms

ActionView::Template::Error (undefined local variable or method `tweet' for #<#<Class:0x007fe4ac9b7358>:0x007fe4ac6c19a0>):
    1: <ul>
    2: <% @tweets.each do |t| %>
    3: 	<li><%= t.body %> </li> <!-- like ruby object and calling attribute dog and dog.name -->
    4:   <%=link_to "Delete", tweet, :method => :delete, :data => { :confirm => "Are you sure?"} %>
    5: <% end %>
    6: 
    7: </ul>
  app/views/tweets/index.html.erb:4:in `block in _app_views_tweets_index_html_erb___338051534257512830_70310050975560'
  app/views/tweets/index.html.erb:2:in `each'
  app/views/tweets/index.html.erb:2:in `_app_views_tweets_index_html_erb___338051534257512830_70310050975560'


  Rendered /Users/gustavoguimaraes/.rvm/gems/ruby-2.0.0-p247/gems/actionpack-3.2.0/lib/action_dispatch/middleware/templates/rescues/_trace.erb (2.6ms)
  Rendered /Users/gustavoguimaraes/.rvm/gems/ruby-2.0.0-p247/gems/actionpack-3.2.0/lib/action_dispatch/middleware/templates/rescues/_request_and_response.erb (0.8ms)
  Rendered /Users/gustavoguimaraes/.rvm/gems/ruby-2.0.0-p247/gems/actionpack-3.2.0/lib/action_dispatch/middleware/templates/rescues/template_error.erb within rescues/layout (5.1ms)


Started GET "/tweets/" for 127.0.0.1 at 2014-01-07 16:31:39 -0500
Processing by TweetsController#index as HTML
  [1m[36mTweet Load (0.2ms)[0m  [1mSELECT "tweets".* FROM "tweets" [0m
  Rendered tweets/index.html.erb within layouts/application (501.6ms)
Completed 500 Internal Server Error in 505ms

ActionView::Template::Error (undefined local variable or method `tweet' for #<#<Class:0x007fe4ac9b7358>:0x007fe4af0756e8>):
    1: <ul>
    2: <% @tweets.each do |t| %>
    3: 	<li><%= t.body %> </li> <!-- like ruby object and calling attribute dog and dog.name -->
    4:   <%=link_to "Delete", tweet, :method => :delete, :data => { :confirm => "Are you sure?"} %>
    5: <% end %>
    6: 
    7: </ul>
  app/views/tweets/index.html.erb:4:in `block in _app_views_tweets_index_html_erb___338051534257512830_70310050975560'
  app/views/tweets/index.html.erb:2:in `each'
  app/views/tweets/index.html.erb:2:in `_app_views_tweets_index_html_erb___338051534257512830_70310050975560'


  Rendered /Users/gustavoguimaraes/.rvm/gems/ruby-2.0.0-p247/gems/actionpack-3.2.0/lib/action_dispatch/middleware/templates/rescues/_trace.erb (3.0ms)
  Rendered /Users/gustavoguimaraes/.rvm/gems/ruby-2.0.0-p247/gems/actionpack-3.2.0/lib/action_dispatch/middleware/templates/rescues/_request_and_response.erb (0.8ms)
  Rendered /Users/gustavoguimaraes/.rvm/gems/ruby-2.0.0-p247/gems/actionpack-3.2.0/lib/action_dispatch/middleware/templates/rescues/template_error.erb within rescues/layout (5.7ms)


Started GET "/tweets/" for 127.0.0.1 at 2014-01-07 16:31:52 -0500
Processing by TweetsController#index as HTML
  [1m[35mTweet Load (0.2ms)[0m  SELECT "tweets".* FROM "tweets" 
  Rendered tweets/index.html.erb within layouts/application (469.4ms)
Completed 500 Internal Server Error in 473ms

ActionView::Template::Error (undefined local variable or method `tweets' for #<#<Class:0x007fe4ac9b7358>:0x007fe4af064398>):
    1: <ul>
    2: <% @tweets.each do |t| %>
    3: 	<li><%= t.body %> </li> <!-- like ruby object and calling attribute dog and dog.name -->
    4:   <%=link_to "Delete", tweets, :method => :delete, :data => { :confirm => "Are you sure?"} %>
    5: <% end %>
    6: 
    7: </ul>
  app/views/tweets/index.html.erb:4:in `block in _app_views_tweets_index_html_erb___338051534257512830_70310082903460'
  app/views/tweets/index.html.erb:2:in `each'
  app/views/tweets/index.html.erb:2:in `_app_views_tweets_index_html_erb___338051534257512830_70310082903460'


  Rendered /Users/gustavoguimaraes/.rvm/gems/ruby-2.0.0-p247/gems/actionpack-3.2.0/lib/action_dispatch/middleware/templates/rescues/_trace.erb (2.6ms)
  Rendered /Users/gustavoguimaraes/.rvm/gems/ruby-2.0.0-p247/gems/actionpack-3.2.0/lib/action_dispatch/middleware/templates/rescues/_request_and_response.erb (0.8ms)
  Rendered /Users/gustavoguimaraes/.rvm/gems/ruby-2.0.0-p247/gems/actionpack-3.2.0/lib/action_dispatch/middleware/templates/rescues/template_error.erb within rescues/layout (5.1ms)


Started GET "/tweets/" for 127.0.0.1 at 2014-01-07 16:32:22 -0500
Processing by TweetsController#index as HTML
  [1m[36mTweet Load (0.1ms)[0m  [1mSELECT "tweets".* FROM "tweets" [0m
  Rendered tweets/index.html.erb within layouts/application (474.2ms)
Completed 500 Internal Server Error in 477ms

ActionView::Template::Error (undefined local variable or method `tweet' for #<#<Class:0x007fe4ac9b7358>:0x007fe4ac8fef88>):
    1: <ul>
    2: <% @tweets.each do |t| %>
    3: 	<li><%= t.body %> </li> <!-- like ruby object and calling attribute dog and dog.name -->
    4:   <%=link_to "Delete", tweet, :method => :delete, :data => { :confirm => "Are you sure?"} %>
    5: <% end %>
    6: 
    7: </ul>
  app/views/tweets/index.html.erb:4:in `block in _app_views_tweets_index_html_erb___338051534257512830_70310062189780'
  app/views/tweets/index.html.erb:2:in `each'
  app/views/tweets/index.html.erb:2:in `_app_views_tweets_index_html_erb___338051534257512830_70310062189780'


  Rendered /Users/gustavoguimaraes/.rvm/gems/ruby-2.0.0-p247/gems/actionpack-3.2.0/lib/action_dispatch/middleware/templates/rescues/_trace.erb (2.7ms)
  Rendered /Users/gustavoguimaraes/.rvm/gems/ruby-2.0.0-p247/gems/actionpack-3.2.0/lib/action_dispatch/middleware/templates/rescues/_request_and_response.erb (0.7ms)
  Rendered /Users/gustavoguimaraes/.rvm/gems/ruby-2.0.0-p247/gems/actionpack-3.2.0/lib/action_dispatch/middleware/templates/rescues/template_error.erb within rescues/layout (5.3ms)


Started GET "/tweets/" for 127.0.0.1 at 2014-01-07 16:33:08 -0500
Processing by TweetsController#index as HTML
  [1m[35mTweet Load (0.1ms)[0m  SELECT "tweets".* FROM "tweets" 
  Rendered tweets/index.html.erb within layouts/application (414.7ms)
Completed 500 Internal Server Error in 418ms

ActionView::Template::Error (undefined local variable or method `tweet' for #<#<Class:0x007fe4ac9b7358>:0x007fe4af045f38>):
    2: <% @tweets.each do |t| %>
    3: 	<li><%= t.body %> </li> <!-- like ruby object and calling attribute dog and dog.name -->
    4:   <p>
    5:     <%= link_to "Delete", tweet, :method => :delete, :data => { :confirm => "Are you sure?"} %></p>
    6: <% end %>
    7: 
    8: </ul>
  app/views/tweets/index.html.erb:5:in `block in _app_views_tweets_index_html_erb___338051534257512830_70310082781540'
  app/views/tweets/index.html.erb:2:in `each'
  app/views/tweets/index.html.erb:2:in `_app_views_tweets_index_html_erb___338051534257512830_70310082781540'


  Rendered /Users/gustavoguimaraes/.rvm/gems/ruby-2.0.0-p247/gems/actionpack-3.2.0/lib/action_dispatch/middleware/templates/rescues/_trace.erb (2.6ms)
  Rendered /Users/gustavoguimaraes/.rvm/gems/ruby-2.0.0-p247/gems/actionpack-3.2.0/lib/action_dispatch/middleware/templates/rescues/_request_and_response.erb (0.8ms)
  Rendered /Users/gustavoguimaraes/.rvm/gems/ruby-2.0.0-p247/gems/actionpack-3.2.0/lib/action_dispatch/middleware/templates/rescues/template_error.erb within rescues/layout (5.1ms)


Started GET "/tweets/" for 127.0.0.1 at 2014-01-07 16:34:00 -0500
Processing by TweetsController#index as HTML
  [1m[36mTweet Load (0.2ms)[0m  [1mSELECT "tweets".* FROM "tweets" [0m
  Rendered tweets/index.html.erb within layouts/application (1.6ms)
Completed 200 OK in 6ms (Views: 4.1ms | ActiveRecord: 0.2ms)


Started GET "/assets/application.css?body=1" for 127.0.0.1 at 2014-01-07 16:34:00 -0500
Served asset /application.css - 304 Not Modified (0ms)


Started GET "/assets/application.js?body=1" for 127.0.0.1 at 2014-01-07 16:34:00 -0500
Served asset /application.js - 304 Not Modified (0ms)


Started GET "/tweets/3" for 127.0.0.1 at 2014-01-07 16:34:04 -0500
Processing by TweetsController#show as HTML
  Parameters: {"id"=>"3"}
  [1m[35mTweet Load (0.2ms)[0m  SELECT "tweets".* FROM "tweets" WHERE "tweets"."id" = ? LIMIT 1  [["id", "3"]]
  Rendered tweets/show.html.erb within layouts/application (0.1ms)
Completed 200 OK in 5ms (Views: 2.7ms | ActiveRecord: 0.2ms)


Started GET "/assets/application.css?body=1" for 127.0.0.1 at 2014-01-07 16:34:04 -0500
Served asset /application.css - 304 Not Modified (0ms)


Started GET "/assets/application.js?body=1" for 127.0.0.1 at 2014-01-07 16:34:04 -0500
Served asset /application.js - 304 Not Modified (0ms)


Started GET "/tweets/" for 127.0.0.1 at 2014-01-07 16:34:10 -0500
Processing by TweetsController#index as HTML
  [1m[36mTweet Load (0.2ms)[0m  [1mSELECT "tweets".* FROM "tweets" [0m
  Rendered tweets/index.html.erb within layouts/application (1.2ms)
Completed 200 OK in 6ms (Views: 4.4ms | ActiveRecord: 0.2ms)


Started GET "/assets/application.css?body=1" for 127.0.0.1 at 2014-01-07 16:34:10 -0500
Served asset /application.css - 304 Not Modified (0ms)


Started GET "/assets/application.js?body=1" for 127.0.0.1 at 2014-01-07 16:34:10 -0500
Served asset /application.js - 304 Not Modified (0ms)


Started GET "/tweets/" for 127.0.0.1 at 2014-01-07 16:34:27 -0500
Processing by TweetsController#index as HTML
  [1m[35mTweet Load (0.1ms)[0m  SELECT "tweets".* FROM "tweets" 
  Rendered tweets/index.html.erb within layouts/application (1.8ms)
Completed 200 OK in 6ms (Views: 4.9ms | ActiveRecord: 0.1ms)


Started GET "/assets/application.css?body=1" for 127.0.0.1 at 2014-01-07 16:34:27 -0500
Served asset /application.css - 304 Not Modified (0ms)


Started GET "/assets/application.js?body=1" for 127.0.0.1 at 2014-01-07 16:34:27 -0500
Served asset /application.js - 304 Not Modified (0ms)


Started DELETE "/tweets/3" for 127.0.0.1 at 2014-01-07 16:34:31 -0500
Processing by TweetsController#destroy as HTML
  Parameters: {"authenticity_token"=>"mL//CJdXfOCVMZLJ9xBNr7fS1F0h0cUg7NxFJ9Zt7QE=", "id"=>"3"}
  [1m[36mTweet Load (0.2ms)[0m  [1mSELECT "tweets".* FROM "tweets" WHERE "tweets"."id" = ? LIMIT 1[0m  [["id", "3"]]
  [1m[35m (0.1ms)[0m  begin transaction
  [1m[36mSQL (0.3ms)[0m  [1mDELETE FROM "tweets" WHERE "tweets"."id" = ?[0m  [["id", 3]]
  [1m[35m (7.7ms)[0m  commit transaction
Redirected to http://0.0.0.0:3000/tweets
Completed 302 Found in 12ms (ActiveRecord: 8.2ms)


Started GET "/tweets" for 127.0.0.1 at 2014-01-07 16:34:31 -0500
Processing by TweetsController#index as HTML
  [1m[36mTweet Load (0.2ms)[0m  [1mSELECT "tweets".* FROM "tweets" [0m
  Rendered tweets/index.html.erb within layouts/application (1.9ms)
Completed 200 OK in 6ms (Views: 5.0ms | ActiveRecord: 0.2ms)


Started GET "/assets/application.js?body=1" for 127.0.0.1 at 2014-01-07 16:34:31 -0500
Served asset /application.js - 304 Not Modified (0ms)


Started GET "/assets/application.css?body=1" for 127.0.0.1 at 2014-01-07 16:34:31 -0500
Served asset /application.css - 304 Not Modified (0ms)


Started DELETE "/tweets/2" for 127.0.0.1 at 2014-01-07 16:34:40 -0500
Processing by TweetsController#destroy as HTML
  Parameters: {"authenticity_token"=>"mL//CJdXfOCVMZLJ9xBNr7fS1F0h0cUg7NxFJ9Zt7QE=", "id"=>"2"}
  [1m[35mTweet Load (0.2ms)[0m  SELECT "tweets".* FROM "tweets" WHERE "tweets"."id" = ? LIMIT 1  [["id", "2"]]
  [1m[36m (0.1ms)[0m  [1mbegin transaction[0m
  [1m[35mSQL (0.3ms)[0m  DELETE FROM "tweets" WHERE "tweets"."id" = ?  [["id", 2]]
  [1m[36m (7.8ms)[0m  [1mcommit transaction[0m
Redirected to http://0.0.0.0:3000/tweets
Completed 302 Found in 12ms (ActiveRecord: 8.4ms)


Started GET "/tweets" for 127.0.0.1 at 2014-01-07 16:34:40 -0500
Processing by TweetsController#index as HTML
  [1m[35mTweet Load (0.2ms)[0m  SELECT "tweets".* FROM "tweets" 
  Rendered tweets/index.html.erb within layouts/application (1.0ms)
Completed 200 OK in 6ms (Views: 4.4ms | ActiveRecord: 0.2ms)


Started GET "/assets/application.css?body=1" for 127.0.0.1 at 2014-01-07 16:34:40 -0500
Served asset /application.css - 304 Not Modified (0ms)


Started GET "/assets/application.js?body=1" for 127.0.0.1 at 2014-01-07 16:34:40 -0500
Served asset /application.js - 304 Not Modified (0ms)
